<?xml version="1.0" encoding="UTF-8"?>
<robot generator="Robot 5.0.1 (Python 3.10.5 on win32)" generated="20230725 19:05:42.257" rpa="false" schemaversion="3">
<suite id="s1" name="Robot Pabot" source="C:\Robot_Pabot">
<suite id="s1-s1" name="Test" source="C:\Robot_Pabot\Test">
<suite id="s1-s1-s1" name="Login Firefox" source="C:\Robot_Pabot\Test\login_firefox.robot">
<test id="s1-s1-s1-t1" name="Cenário: Login com sucesso" line="9">
<kw name="Dado que estou na tela de login no Firefox" library="steps_login" sourcename="Dado que estou na tela de login no ${browser}">
<kw name="Open Browser" library="SeleniumLibrary">
<arg>${url}</arg>
<arg>${browser}</arg>
<doc>Opens a new browser instance to the optional ``url``.</doc>
<msg timestamp="20230725 19:05:42.494" level="INFO">Opening browser 'Firefox' to base url 'https://the-internet.herokuapp.com/login'.</msg>
<msg timestamp="20230725 19:05:42.504" level="INFO">Firefox driver log is always forced to to: C:\Robot_Pabot\results\geckodriver-1.log</msg>
<status status="PASS" starttime="20230725 19:05:42.493" endtime="20230725 19:05:50.725"/>
</kw>
<status status="PASS" starttime="20230725 19:05:42.492" endtime="20230725 19:05:50.726"/>
</kw>
<kw name="Quando realizo o login" library="steps_login">
<kw name="Input Text" library="SeleniumLibrary">
<arg>id=username</arg>
<arg>tomsmith</arg>
<doc>Types the given ``text`` into the text field identified by ``locator``.</doc>
<msg timestamp="20230725 19:05:50.728" level="INFO">Typing text 'tomsmith' into text field 'id=username'.</msg>
<status status="PASS" starttime="20230725 19:05:50.727" endtime="20230725 19:05:50.770"/>
</kw>
<kw name="Input Text" library="SeleniumLibrary">
<arg>id=password</arg>
<arg>SuperSecretPassword!</arg>
<doc>Types the given ``text`` into the text field identified by ``locator``.</doc>
<msg timestamp="20230725 19:05:50.771" level="INFO">Typing text 'SuperSecretPassword!' into text field 'id=password'.</msg>
<status status="PASS" starttime="20230725 19:05:50.770" endtime="20230725 19:05:50.791"/>
</kw>
<kw name="Click Button" library="SeleniumLibrary">
<arg>Login</arg>
<doc>Clicks the button identified by ``locator``.</doc>
<msg timestamp="20230725 19:05:50.791" level="INFO">Clicking button 'Login'.</msg>
<status status="PASS" starttime="20230725 19:05:50.791" endtime="20230725 19:05:51.479"/>
</kw>
<status status="PASS" starttime="20230725 19:05:50.726" endtime="20230725 19:05:51.479"/>
</kw>
<kw name="Então devo visualizar a mensagem &quot;You logged into a secure area!&quot;" library="steps_login" sourcename="Então devo visualizar a mensagem &quot;${mensagem}&quot;">
<kw name="Element Text Should Be" library="SeleniumLibrary">
<arg>id=flash</arg>
<arg>You logged into a secure area!\n×</arg>
<doc>Verifies that element ``locator`` contains exact the text ``expected``.</doc>
<msg timestamp="20230725 19:05:51.480" level="INFO">Verifying element 'id=flash' contains exact text 'You logged into a secure area!
×'.</msg>
<status status="PASS" starttime="20230725 19:05:51.480" endtime="20230725 19:05:51.497"/>
</kw>
<status status="PASS" starttime="20230725 19:05:51.480" endtime="20230725 19:05:51.497"/>
</kw>
<status status="PASS" starttime="20230725 19:05:42.491" endtime="20230725 19:05:51.498"/>
</test>
<kw name="Close Browser" library="SeleniumLibrary" type="TEARDOWN">
<doc>Closes the current browser.</doc>
<status status="PASS" starttime="20230725 19:05:51.501" endtime="20230725 19:05:52.115"/>
</kw>
<status status="PASS" starttime="20230725 19:05:42.293" endtime="20230725 19:05:52.115"/>
</suite>
<status status="PASS" starttime="20230725 19:05:42.289" endtime="20230725 19:05:52.118"/>
</suite>
<status status="PASS" starttime="20230725 19:05:42.262" endtime="20230725 19:05:52.120"/>
</suite>
<statistics>
<total>
<stat pass="1" fail="0" skip="0">All Tests</stat>
</total>
<tag>
</tag>
<suite>
<stat pass="1" fail="0" skip="0" id="s1" name="Robot Pabot">Robot Pabot</stat>
<stat pass="1" fail="0" skip="0" id="s1-s1" name="Test">Robot Pabot.Test</stat>
<stat pass="1" fail="0" skip="0" id="s1-s1-s1" name="Login Firefox">Robot Pabot.Test.Login Firefox</stat>
</suite>
</statistics>
<errors>
</errors>
</robot>
