<?xml version="1.0" encoding="UTF-8"?>
<robot generator="Robot 5.0.1 (Python 3.10.5 on win32)" generated="20230626 09:40:32.067" rpa="false" schemaversion="3">
<suite id="s1" name="Suites">
<suite id="s1-s1" name="Login Edge" source="C:\Robot_Pabot\login_edge.robot">
<test id="s1-s1-t1" name="Cenário: Login com sucesso" line="7">
<kw name="Dado que estou na tela de login no Edge" library="steps_login" sourcename="Dado que estou na tela de login no ${browser}">
<kw name="Open Browser" library="SeleniumLibrary">
<arg>${url}</arg>
<arg>${browser}</arg>
<doc>Opens a new browser instance to the optional ``url``.</doc>
<msg timestamp="20230626 09:40:32.560" level="INFO">Opening browser 'Edge' to base url 'https://the-internet.herokuapp.com/login'.</msg>
<status status="PASS" starttime="20230626 09:40:32.559" endtime="20230626 09:40:35.676"/>
</kw>
<status status="PASS" starttime="20230626 09:40:32.559" endtime="20230626 09:40:35.676"/>
</kw>
<kw name="Quando realizo o login" library="steps_login">
<kw name="Input Text" library="SeleniumLibrary">
<arg>id=username</arg>
<arg>tomsmith</arg>
<doc>Types the given ``text`` into the text field identified by ``locator``.</doc>
<msg timestamp="20230626 09:40:35.678" level="INFO">Typing text 'tomsmith' into text field 'id=username'.</msg>
<status status="PASS" starttime="20230626 09:40:35.677" endtime="20230626 09:40:35.759"/>
</kw>
<kw name="Input Text" library="SeleniumLibrary">
<arg>id=password</arg>
<arg>SuperSecretPassword!</arg>
<doc>Types the given ``text`` into the text field identified by ``locator``.</doc>
<msg timestamp="20230626 09:40:35.760" level="INFO">Typing text 'SuperSecretPassword!' into text field 'id=password'.</msg>
<status status="PASS" starttime="20230626 09:40:35.759" endtime="20230626 09:40:35.838"/>
</kw>
<kw name="Click Button" library="SeleniumLibrary">
<arg>Login</arg>
<doc>Clicks the button identified by ``locator``.</doc>
<msg timestamp="20230626 09:40:35.839" level="INFO">Clicking button 'Login'.</msg>
<status status="PASS" starttime="20230626 09:40:35.838" endtime="20230626 09:40:37.007"/>
</kw>
<status status="PASS" starttime="20230626 09:40:35.677" endtime="20230626 09:40:37.008"/>
</kw>
<kw name="Então devo visualizar a mensagem &quot;You logged into a secure area!&quot;" library="steps_login" sourcename="Então devo visualizar a mensagem &quot;${mensagem}&quot;">
<kw name="Element Text Should Be" library="SeleniumLibrary">
<arg>id=flash</arg>
<arg>You logged into a secure area!\n×</arg>
<doc>Verifies that element ``locator`` contains exact the text ``expected``.</doc>
<msg timestamp="20230626 09:40:37.010" level="INFO">Verifying element 'id=flash' contains exact text 'You logged into a secure area!
×'.</msg>
<status status="PASS" starttime="20230626 09:40:37.008" endtime="20230626 09:40:37.038"/>
</kw>
<status status="PASS" starttime="20230626 09:40:37.008" endtime="20230626 09:40:37.038"/>
</kw>
<status status="PASS" starttime="20230626 09:40:32.558" endtime="20230626 09:40:37.038"/>
</test>
<kw name="Close Browser" library="SeleniumLibrary" type="TEARDOWN">
<doc>Closes the current browser.</doc>
<status status="PASS" starttime="20230626 09:40:37.039" endtime="20230626 09:40:39.155"/>
</kw>
<status status="PASS" starttime="20230626 09:40:32.096" endtime="20230626 09:40:39.155"/>
</suite>
<status status="PASS" starttime="20230626 09:40:32.077" endtime="20230626 09:40:39.156"/>
</suite>
<statistics>
<total>
<stat pass="1" fail="0" skip="0">All Tests</stat>
</total>
<tag>
</tag>
<suite>
<stat pass="1" fail="0" skip="0" id="s1" name="Suites">Suites</stat>
<stat pass="1" fail="0" skip="0" id="s1-s1" name="Login Edge">Suites.Login Edge</stat>
</suite>
</statistics>
<errors>
</errors>
</robot>
