<?xml version="1.0" encoding="UTF-8"?>
<robot generator="Robot 5.0.1 (Python 3.10.5 on win32)" generated="20230626 09:40:31.205" rpa="false" schemaversion="3">
<suite id="s1" name="Suites">
<suite id="s1-s1" name="Login.Opera" source="C:\Robot_Pabot\login.opera.robot">
<test id="s1-s1-t1" name="Cenário: Login com sucesso" line="7">
<kw name="Dado que estou na tela de login no Opera" library="steps_login" sourcename="Dado que estou na tela de login no ${browser}">
<kw name="Open Browser" library="SeleniumLibrary">
<arg>${url}</arg>
<arg>${browser}</arg>
<doc>Opens a new browser instance to the optional ``url``.</doc>
<msg timestamp="20230626 09:40:31.433" level="INFO">Opening browser 'Opera' to base url 'https://the-internet.herokuapp.com/login'.</msg>
<msg timestamp="20230626 09:40:31.433" level="INFO">Cannot capture screenshot because no browser is open.</msg>
<msg timestamp="20230626 09:40:31.433" level="FAIL">AttributeError: module 'selenium.webdriver' has no attribute 'Opera'</msg>
<status status="FAIL" starttime="20230626 09:40:31.432" endtime="20230626 09:40:31.434"/>
</kw>
<status status="FAIL" starttime="20230626 09:40:31.431" endtime="20230626 09:40:31.435"/>
</kw>
<kw name="Quando realizo o login" library="steps_login">
<status status="NOT RUN" starttime="20230626 09:40:31.435" endtime="20230626 09:40:31.435"/>
</kw>
<kw name="Então devo visualizar a mensagem &quot;You logged into a secure area!&quot;" library="steps_login" sourcename="Então devo visualizar a mensagem &quot;${mensagem}&quot;">
<status status="NOT RUN" starttime="20230626 09:40:31.436" endtime="20230626 09:40:31.436"/>
</kw>
<status status="FAIL" starttime="20230626 09:40:31.431" endtime="20230626 09:40:31.436">AttributeError: module 'selenium.webdriver' has no attribute 'Opera'</status>
</test>
<kw name="Close Browser" library="SeleniumLibrary" type="TEARDOWN">
<doc>Closes the current browser.</doc>
<status status="PASS" starttime="20230626 09:40:31.437" endtime="20230626 09:40:31.437"/>
</kw>
<status status="FAIL" starttime="20230626 09:40:31.231" endtime="20230626 09:40:31.437"/>
</suite>
<status status="FAIL" starttime="20230626 09:40:31.215" endtime="20230626 09:40:31.438"/>
</suite>
<statistics>
<total>
<stat pass="0" fail="1" skip="0">All Tests</stat>
</total>
<tag>
</tag>
<suite>
<stat pass="0" fail="1" skip="0" id="s1" name="Suites">Suites</stat>
<stat pass="0" fail="1" skip="0" id="s1-s1" name="Login.Opera">Suites.Login.Opera</stat>
</suite>
</statistics>
<errors>
</errors>
</robot>
